This is pdfTeX, Version 3.14159265-2.6-1.40.20 (TeX Live 2019/W32TeX) (preloaded format=pdflatex 2020.1.18)  30 MAY 2020 12:31
entering extended mode
 restricted \write18 enabled.
 %&-line parsing enabled.
**0405math.tex
(./0405math.tex
LaTeX2e <2018-12-01>
(d:/Program Files (x86)/texlive/2019/texmf-dist/tex/latex/base/article.cls
Document Class: article 2018/09/03 v1.4i Standard LaTeX document class
(d:/Program Files (x86)/texlive/2019/texmf-dist/tex/latex/base/size10.clo
File: size10.clo 2018/09/03 v1.4i Standard LaTeX file (size option)
)
\c@part=\count80
\c@section=\count81
\c@subsection=\count82
\c@subsubsection=\count83
\c@paragraph=\count84
\c@subparagraph=\count85
\c@figure=\count86
\c@table=\count87
\abovecaptionskip=\skip41
\belowcaptionskip=\skip42
\bibindent=\dimen102
)
(d:/Program Files (x86)/texlive/2019/texmf-dist/tex/latex/amsmath/amsmath.sty
Package: amsmath 2018/12/01 v2.17b AMS math features
\@mathmargin=\skip43

For additional information on amsmath, use the `?' option.
(d:/Program Files (x86)/texlive/2019/texmf-dist/tex/latex/amsmath/amstext.sty
Package: amstext 2000/06/29 v2.01 AMS text

(d:/Program Files (x86)/texlive/2019/texmf-dist/tex/latex/amsmath/amsgen.sty
File: amsgen.sty 1999/11/30 v2.0 generic functions
\@emptytoks=\toks14
\ex@=\dimen103
))
(d:/Program Files (x86)/texlive/2019/texmf-dist/tex/latex/amsmath/amsbsy.sty
Package: amsbsy 1999/11/29 v1.2d Bold Symbols
\pmbraise@=\dimen104
)
(d:/Program Files (x86)/texlive/2019/texmf-dist/tex/latex/amsmath/amsopn.sty
Package: amsopn 2016/03/08 v2.02 operator names
)
\inf@bad=\count88
LaTeX Info: Redefining \frac on input line 223.
\uproot@=\count89
\leftroot@=\count90
LaTeX Info: Redefining \overline on input line 385.
\classnum@=\count91
\DOTSCASE@=\count92
LaTeX Info: Redefining \ldots on input line 482.
LaTeX Info: Redefining \dots on input line 485.
LaTeX Info: Redefining \cdots on input line 606.
\Mathstrutbox@=\box27
\strutbox@=\box28
\big@size=\dimen105
LaTeX Font Info:    Redeclaring font encoding OML on input line 729.
LaTeX Font Info:    Redeclaring font encoding OMS on input line 730.
\macc@depth=\count93
\c@MaxMatrixCols=\count94
\dotsspace@=\muskip10
\c@parentequation=\count95
\dspbrk@lvl=\count96
\tag@help=\toks15
\row@=\count97
\column@=\count98
\maxfields@=\count99
\andhelp@=\toks16
\eqnshift@=\dimen106
\alignsep@=\dimen107
\tagshift@=\dimen108
\tagwidth@=\dimen109
\totwidth@=\dimen110
\lineht@=\dimen111
\@envbody=\toks17
\multlinegap=\skip44
\multlinetaggap=\skip45
\mathdisplay@stack=\toks18
LaTeX Info: Redefining \[ on input line 2844.
LaTeX Info: Redefining \] on input line 2845.
)
(d:/Program Files (x86)/texlive/2019/texmf-dist/tex/latex/amsfonts/amssymb.sty
Package: amssymb 2013/01/14 v3.01 AMS font symbols

(d:/Program Files (x86)/texlive/2019/texmf-dist/tex/latex/amsfonts/amsfonts.sty
Package: amsfonts 2013/01/14 v3.01 Basic AMSFonts support
\symAMSa=\mathgroup4
\symAMSb=\mathgroup5
LaTeX Font Info:    Overwriting math alphabet `\mathfrak' in version `bold'
(Font)                  U/euf/m/n --> U/euf/b/n on input line 106.
)) (d:/Program Files (x86)/texlive/2019/texmf-dist/tex/latex/amscls/amsthm.sty
Package: amsthm 2017/10/31 v2.20.4
\thm@style=\toks19
\thm@bodyfont=\toks20
\thm@headfont=\toks21
\thm@notefont=\toks22
\thm@headpunct=\toks23
\thm@preskip=\skip46
\thm@postskip=\skip47
\thm@headsep=\skip48
\dth@everypar=\toks24
) (./0405math.aux)
\openout1 = `0405math.aux'.

LaTeX Font Info:    Checking defaults for OML/cmm/m/it on input line 9.
LaTeX Font Info:    ... okay on input line 9.
LaTeX Font Info:    Checking defaults for T1/cmr/m/n on input line 9.
LaTeX Font Info:    ... okay on input line 9.
LaTeX Font Info:    Checking defaults for OT1/cmr/m/n on input line 9.
LaTeX Font Info:    ... okay on input line 9.
LaTeX Font Info:    Checking defaults for OMS/cmsy/m/n on input line 9.
LaTeX Font Info:    ... okay on input line 9.
LaTeX Font Info:    Checking defaults for OMX/cmex/m/n on input line 9.
LaTeX Font Info:    ... okay on input line 9.
LaTeX Font Info:    Checking defaults for U/cmr/m/n on input line 9.
LaTeX Font Info:    ... okay on input line 9.
LaTeX Font Info:    Try loading font information for U+msa on input line 10.

(d:/Program Files (x86)/texlive/2019/texmf-dist/tex/latex/amsfonts/umsa.fd
File: umsa.fd 2013/01/14 v3.01 AMS symbols A
)
LaTeX Font Info:    Try loading font information for U+msb on input line 10.

(d:/Program Files (x86)/texlive/2019/texmf-dist/tex/latex/amsfonts/umsb.fd
File: umsb.fd 2013/01/14 v3.01 AMS symbols B
)
[1

{d:/Program Files (x86)/texlive/2019/texmf-var/fonts/map/pdftex/updmap/pdftex.m
ap}] [2] [3]
LaTeX Font Info:    Try loading font information for U+euf on input line 282.

(d:/Program Files (x86)/texlive/2019/texmf-dist/tex/latex/amsfonts/ueuf.fd
File: ueuf.fd 2013/01/14 v3.01 Euler Fraktur
)
\c@mythm=\count100
\c@law=\count101

[4] (./0405math.aux) ) 
Here is how much of TeX's memory you used:
 1230 strings out of 492623
 14241 string characters out of 6123862
 80710 words of memory out of 5000000
 5172 multiletter control sequences out of 15000+600000
 9150 words of font info for 35 fonts, out of 8000000 for 9000
 1141 hyphenation exceptions out of 8191
 27i,16n,27p,271b,202s stack positions out of 5000i,500n,10000p,200000b,80000s
<d:/Program Files (x86)/texlive/2019/texmf-dist/fonts/typ
e1/public/amsfonts/cm/cmbx10.pfb><d:/Program Files (x86)/texlive/2019/texmf-dis
t/fonts/type1/public/amsfonts/cm/cmex10.pfb><d:/Program Files (x86)/texlive/201
9/texmf-dist/fonts/type1/public/amsfonts/cm/cmmi10.pfb><d:/Program Files (x86)/
texlive/2019/texmf-dist/fonts/type1/public/amsfonts/cm/cmmi5.pfb><d:/Program Fi
les (x86)/texlive/2019/texmf-dist/fonts/type1/public/amsfonts/cm/cmmi7.pfb><d:/
Program Files (x86)/texlive/2019/texmf-dist/fonts/type1/public/amsfonts/cm/cmmi
b10.pfb><d:/Program Files (x86)/texlive/2019/texmf-dist/fonts/type1/public/amsf
onts/cm/cmr10.pfb><d:/Program Files (x86)/texlive/2019/texmf-dist/fonts/type1/p
ublic/amsfonts/cm/cmr5.pfb><d:/Program Files (x86)/texlive/2019/texmf-dist/font
s/type1/public/amsfonts/cm/cmr7.pfb><d:/Program Files (x86)/texlive/2019/texmf-
dist/fonts/type1/public/amsfonts/cm/cmsy10.pfb><d:/Program Files (x86)/texlive/
2019/texmf-dist/fonts/type1/public/amsfonts/cm/cmsy7.pfb><d:/Program Files (x86
)/texlive/2019/texmf-dist/fonts/type1/public/amsfonts/cm/cmti10.pfb><d:/Program
 Files (x86)/texlive/2019/texmf-dist/fonts/type1/public/amsfonts/euler/eufm10.p
fb><d:/Program Files (x86)/texlive/2019/texmf-dist/fonts/type1/public/amsfonts/
symbols/msbm10.pfb><d:/Program Files (x86)/texlive/2019/texmf-dist/fonts/type1/
public/amsfonts/symbols/msbm7.pfb>
Output written on 0405math.pdf (4 pages, 154574 bytes).
PDF statistics:
 77 PDF objects out of 1000 (max. 8388607)
 55 compressed objects within 1 object stream
 0 named destinations out of 1000 (max. 500000)
 1 words of extra memory for PDF output out of 10000 (max. 10000000)

